<?xml version="1.0" encoding="UTF-8"?>
<testng-results ignored="0" total="1" passed="1" failed="0" skipped="0">
  <reporter-output>
  </reporter-output>
  <suite started-at="2023-09-18T15:13:59 IST" name="Default suite" finished-at="2023-09-18T15:15:21 IST" duration-ms="82487">
    <groups>
    </groups>
    <test started-at="2023-09-18T15:13:59 IST" name="Default test" finished-at="2023-09-18T15:15:21 IST" duration-ms="82487">
      <class name="com.ebey.testcases.HomeTest">
        <test-method is-config="true" signature="setup()[pri:0, instance:com.ebey.testcases.HomeTest@52719fb6]" started-at="2023-09-18T15:13:59 IST" name="setup" finished-at="2023-09-18T15:14:14 IST" duration-ms="14901" status="PASS">
          <reporter-output>
          </reporter-output>
        </test-method> <!-- setup -->
        <test-method signature="searchHomePageTest()[pri:0, instance:com.ebey.testcases.HomeTest@52719fb6]" started-at="2023-09-18T15:14:14 IST" name="searchHomePageTest" finished-at="2023-09-18T15:15:13 IST" duration-ms="59314" status="PASS">
          <reporter-output>
          </reporter-output>
        </test-method> <!-- searchHomePageTest -->
        <test-method is-config="true" signature="quitSetup()[pri:0, instance:com.ebey.testcases.HomeTest@52719fb6]" started-at="2023-09-18T15:15:13 IST" name="quitSetup" finished-at="2023-09-18T15:15:21 IST" duration-ms="7950" status="PASS">
          <reporter-output>
          </reporter-output>
        </test-method> <!-- quitSetup -->
      </class> <!-- com.ebey.testcases.HomeTest -->
    </test> <!-- Default test -->
  </suite> <!-- Default suite -->
</testng-results>
